2023-12-01 10:18:38,133 [INFO] Activator:176 - 


2023-12-01 10:18:38,135 [INFO] Activator:177 - !SESSION log4j initialized
2023-12-01 10:18:42,492 [INFO] LogOutputStream:77 - [STDOUT_REDIRECT] 
2023-12-01 10:18:50,531 [INFO] ApplicationProperties:184 - Using Application install path: D:\Installation\Apps\CubeIDE\STM32CubeIDE_1.7.0\STM32CubeIDE\plugins\com.st.stm32cube.common.mx_6.10.0.202311202037
2023-12-01 10:18:50,566 [INFO] DbMcusXml:78 - Set database path to: D:\Installation\Apps\CubeIDE\STM32CubeIDE_1.7.0\STM32CubeIDE\plugins\com.st.stm32cube.common.mx_6.10.0.202311202037\\db\/mcu/
2023-12-01 10:18:50,567 [INFO] ApiDb:274 - Set plugin database path to: D:\Installation\Apps\CubeIDE\STM32CubeIDE_1.7.0\STM32CubeIDE\plugins\com.st.stm32cube.common.mx_6.10.0.202311202037\\db\/plugins/boardmanager/
2023-12-01 10:18:50,568 [WARN] ApiDb:259 - Overriding images path with different value:  => D:\Installation\Apps\CubeIDE\STM32CubeIDE_1.7.0\STM32CubeIDE\plugins\com.st.stm32cube.common.mx_6.10.0.202311202037\\db\/plugins/mcufinder/images/
2023-12-01 10:18:50,580 [INFO] ApiDb:250 - Set database path to: C:\Users\WINDOWN\.stmcufinder\plugins\mcufinder//mcu/
2023-12-01 10:18:50,583 [INFO] DbMcusAds:125 - Set database path to: C:\Users\WINDOWN\.stmcufinder\plugins\mcufinder//mcu/
2023-12-01 10:18:50,588 [INFO] CrossReferenceDbSqlite:203 - Set database path to: C:\Users\WINDOWN\.stmcufinder\plugins\mcufinder//mcu/cs/
2023-12-01 10:18:50,824 [INFO] RulesReader:64 - Compatibility file has been processed (297 Rules)
2023-12-01 10:18:51,038 [INFO] DbMcusXml:78 - Set database path to: D:\Installation\Apps\CubeIDE\STM32CubeIDE_1.7.0\STM32CubeIDE\plugins\com.st.stm32cube.common.mx_6.10.0.202311202037\\db\/mcu/
2023-12-01 10:18:51,038 [INFO] ApiDb:274 - Set plugin database path to: D:\Installation\Apps\CubeIDE\STM32CubeIDE_1.7.0\STM32CubeIDE\plugins\com.st.stm32cube.common.mx_6.10.0.202311202037\\db\/plugins/boardmanager/
2023-12-01 10:18:51,038 [INFO] ApiDb:261 - Set plugin images path to: D:\Installation\Apps\CubeIDE\STM32CubeIDE_1.7.0\STM32CubeIDE\plugins\com.st.stm32cube.common.mx_6.10.0.202311202037\\db\/plugins/mcufinder/images/
2023-12-01 10:18:51,039 [WARN] DbFile:41 - Overriding database path with different value: C:\Users\WINDOWN\.stmcufinder\plugins\mcufinder/ => C:\Users\WINDOWN\.stmcufinder\plugins\mcufinder
2023-12-01 10:18:51,039 [INFO] ApiDb:250 - Set database path to: C:\Users\WINDOWN\.stmcufinder\plugins\mcufinder//mcu/
2023-12-01 10:18:51,039 [WARN] DbFile:41 - Overriding database path with different value: C:\Users\WINDOWN\.stmcufinder\plugins\mcufinder/ => C:\Users\WINDOWN\.stmcufinder\plugins\mcufinder
2023-12-01 10:18:51,039 [INFO] DbMcusAds:125 - Set database path to: C:\Users\WINDOWN\.stmcufinder\plugins\mcufinder//mcu/
2023-12-01 10:18:51,039 [WARN] DbFile:41 - Overriding database path with different value: C:\Users\WINDOWN\.stmcufinder\plugins\mcufinder/ => C:\Users\WINDOWN\.stmcufinder\plugins\mcufinder
2023-12-01 10:18:51,039 [WARN] DbFile:41 - Overriding database path with different value: C:\Users\WINDOWN\.stmcufinder\plugins\mcufinder/ => C:\Users\WINDOWN\.stmcufinder\plugins\mcufinder
2023-12-01 10:18:51,040 [INFO] CrossReferenceDbSqlite:203 - Set database path to: C:\Users\WINDOWN\.stmcufinder\plugins\mcufinder//mcu/cs/
2023-12-01 10:18:51,179 [INFO] MainPanel:264 - HeapMemory: 268435456
2023-12-01 10:18:51,383 [INFO] DbMcusXml:78 - Set database path to: D:\Installation\Apps\CubeIDE\STM32CubeIDE_1.7.0\STM32CubeIDE\plugins\com.st.stm32cube.common.mx_6.10.0.202311202037\\db\/mcu/
2023-12-01 10:18:51,384 [INFO] ApiDb:274 - Set plugin database path to: D:\Installation\Apps\CubeIDE\STM32CubeIDE_1.7.0\STM32CubeIDE\plugins\com.st.stm32cube.common.mx_6.10.0.202311202037\\db\/plugins/boardmanager/
2023-12-01 10:18:51,384 [INFO] ApiDb:261 - Set plugin images path to: D:\Installation\Apps\CubeIDE\STM32CubeIDE_1.7.0\STM32CubeIDE\plugins\com.st.stm32cube.common.mx_6.10.0.202311202037\\db\/plugins/mcufinder/images/
2023-12-01 10:18:51,384 [WARN] DbFile:41 - Overriding database path with different value: C:\Users\WINDOWN\.stmcufinder\plugins\mcufinder/ => C:\Users\WINDOWN\.stmcufinder\plugins\mcufinder
2023-12-01 10:18:51,385 [INFO] ApiDb:250 - Set database path to: C:\Users\WINDOWN\.stmcufinder\plugins\mcufinder//mcu/
2023-12-01 10:18:51,385 [WARN] DbFile:41 - Overriding database path with different value: C:\Users\WINDOWN\.stmcufinder\plugins\mcufinder/ => C:\Users\WINDOWN\.stmcufinder\plugins\mcufinder
2023-12-01 10:18:51,385 [INFO] DbMcusAds:125 - Set database path to: C:\Users\WINDOWN\.stmcufinder\plugins\mcufinder//mcu/
2023-12-01 10:18:51,385 [WARN] DbFile:41 - Overriding database path with different value: C:\Users\WINDOWN\.stmcufinder\plugins\mcufinder/ => C:\Users\WINDOWN\.stmcufinder\plugins\mcufinder
2023-12-01 10:18:51,385 [WARN] DbFile:41 - Overriding database path with different value: C:\Users\WINDOWN\.stmcufinder\plugins\mcufinder/ => C:\Users\WINDOWN\.stmcufinder\plugins\mcufinder
2023-12-01 10:18:51,385 [INFO] CrossReferenceDbSqlite:203 - Set database path to: C:\Users\WINDOWN\.stmcufinder\plugins\mcufinder//mcu/cs/
2023-12-01 10:18:51,418 [INFO] ApplicationProperties:184 - Using Application install path: D:\Installation\Apps\CubeIDE\STM32CubeIDE_1.7.0\STM32CubeIDE\plugins\com.st.stm32cube.common.mx_6.10.0.202311202037
2023-12-01 10:18:51,421 [INFO] PluginManage:196 - Search for loadable plugins [exclusion list=, ]
2023-12-01 10:18:51,424 [INFO] PluginManage:310 - Check plugin analytics
2023-12-01 10:18:56,765 [INFO] AnalyticsPlugin:253 - Accepted Software Licenses: 
2023-12-01 10:18:56,765 [INFO] AnalyticsPlugin:255 - Accepted CMSIS Pack Licenses: 
2023-12-01 10:18:56,766 [INFO] AnalyticsPlugin:257 - Accepted Firmware Licenses: 
2023-12-01 10:18:56,772 [INFO] PluginManage:359 - Loaded plugin analytics (category:tool,tabindex:-1)
2023-12-01 10:18:56,773 [INFO] PluginManage:310 - Check plugin cadmodel
2023-12-01 10:18:56,783 [INFO] CADModel:105 - Init CAD model plugin
2023-12-01 10:18:56,784 [INFO] PluginManage:359 - Loaded plugin cadmodel (category:power,tabindex:5)
2023-12-01 10:18:56,785 [INFO] PluginManage:310 - Check plugin clock
2023-12-01 10:18:56,805 [INFO] PluginManage:359 - Loaded plugin clock (category:base,tabindex:2)
2023-12-01 10:18:56,805 [INFO] PluginManage:310 - Check plugin ddr
2023-12-01 10:18:56,811 [INFO] PluginManage:359 - Loaded plugin ddr (category:tool,tabindex:6)
2023-12-01 10:18:56,812 [INFO] PluginManage:310 - Check plugin filemanager
2023-12-01 10:18:57,030 [INFO] PluginManage:359 - Loaded plugin filemanager (category:base,tabindex:10)
2023-12-01 10:18:57,031 [INFO] PluginManage:310 - Check plugin ipmanager
2023-12-01 10:18:57,073 [INFO] PluginManage:359 - Loaded plugin ipmanager (category:base,tabindex:5)
2023-12-01 10:18:57,074 [INFO] PluginManage:310 - Check plugin lpbam
2023-12-01 10:18:57,099 [INFO] PluginManage:359 - Loaded plugin lpbam (category:base,tabindex:0)
2023-12-01 10:18:57,099 [INFO] PluginManage:310 - Check plugin memorymap
2023-12-01 10:18:57,139 [INFO] PluginManage:359 - Loaded plugin memorymap (category:base,tabindex:4)
2023-12-01 10:18:57,140 [INFO] PluginManage:310 - Check plugin pinoutandconfiguration
2023-12-01 10:18:57,154 [INFO] PluginManage:359 - Loaded plugin pinoutandconfiguration (category:base,tabindex:1)
2023-12-01 10:18:57,154 [INFO] PluginManage:310 - Check plugin pinoutconfig
2023-12-01 10:18:57,353 [WARN] SupportedApi:132 - Cannot load RTOS API schema: s4s-elt-must-match.1: The content of 'definitions' must match (annotation?, (simpleType | complexType)?, (unique | key | keyref)*)). A problem was found starting at: attribute.
2023-12-01 10:18:57,597 [INFO] PluginManage:359 - Loaded plugin pinoutconfig (category:base,tabindex:0)
2023-12-01 10:18:57,598 [INFO] PluginManage:310 - Check plugin power
2023-12-01 10:18:57,618 [INFO] PluginManage:359 - Loaded plugin power (category:power,tabindex:4)
2023-12-01 10:18:57,619 [INFO] PluginManage:310 - Check plugin projectmanager
2023-12-01 10:18:57,652 [INFO] PluginManage:359 - Loaded plugin projectmanager (category:projectmanager,tabindex:3)
2023-12-01 10:18:57,653 [INFO] PluginManage:310 - Check plugin thirdparty
2023-12-01 10:18:57,885 [INFO] PluginManage:359 - Loaded plugin thirdparty (category:base,tabindex:-1)
2023-12-01 10:18:57,885 [WARN] IntegrityCheckThread:84 - waiting for thirdparty lock release [integrity check]
2023-12-01 10:18:57,886 [INFO] IntegrityCheckThread:86 - entering critical section [integrity check]
2023-12-01 10:18:57,886 [INFO] PluginManage:310 - Check plugin tools
2023-12-01 10:18:57,887 [INFO] ThirdPartyUpdaterWithRetryManager:70 - Updater plugin not ready yet. [1/15]
2023-12-01 10:18:57,892 [INFO] PluginManage:359 - Loaded plugin tools (category:base,tabindex:7)
2023-12-01 10:18:57,892 [INFO] PluginManage:310 - Check plugin tutovideos
2023-12-01 10:18:58,258 [INFO] PluginManage:359 - Loaded plugin tutovideos (category:base,tabindex:-1)
2023-12-01 10:18:58,259 [INFO] PluginManage:310 - Check plugin updater
2023-12-01 10:18:58,283 [INFO] PluginManage:359 - Loaded plugin updater (category:base,tabindex:12)
2023-12-01 10:18:58,283 [INFO] PluginManage:310 - Check plugin userauth
2023-12-01 10:18:58,294 [INFO] UserAuth:114 - Init User Auth plugin
2023-12-01 10:18:58,294 [INFO] PluginManage:359 - Loaded plugin userauth (category:base,tabindex:14)
2023-12-01 10:18:58,295 [INFO] PluginManage:283 - PluginManage : Loaded plugins [17]
2023-12-01 10:18:58,726 [INFO] PinOutPanel:1499 - setPackage(No Configuration,No Configuration)
2023-12-01 10:18:58,895 [INFO] CADModel:165 - CPN selected for project level
2023-12-01 10:18:58,898 [INFO] CADModel:114 - Register for checkConnection events
2023-12-01 10:18:58,944 [INFO] IPUIPlugin:80 - create IPUIPlugin
2023-12-01 10:18:58,945 [INFO] PluginManager:220 - loadIPPluginJar : add adc
2023-12-01 10:18:58,950 [INFO] IPUIPlugin:80 - create IPUIPlugin
2023-12-01 10:18:58,950 [INFO] PluginManager:220 - loadIPPluginJar : add aes
2023-12-01 10:18:58,955 [INFO] IPUIPlugin:80 - create IPUIPlugin
2023-12-01 10:18:58,955 [INFO] PluginManager:220 - loadIPPluginJar : add can
2023-12-01 10:18:58,957 [INFO] IPUIPlugin:80 - create IPUIPlugin
2023-12-01 10:18:58,957 [INFO] PluginManager:220 - loadIPPluginJar : add comp
2023-12-01 10:18:58,961 [INFO] IPUIPlugin:80 - create IPUIPlugin
2023-12-01 10:18:58,962 [INFO] PluginManager:220 - loadIPPluginJar : add cryp
2023-12-01 10:18:58,966 [INFO] IPUIPlugin:80 - create IPUIPlugin
2023-12-01 10:18:58,966 [INFO] PluginManager:220 - loadIPPluginJar : add dfsdm
2023-12-01 10:18:58,976 [INFO] IPUIPlugin:80 - create IPUIPlugin
2023-12-01 10:18:58,976 [INFO] PluginManager:220 - loadIPPluginJar : add dma
2023-12-01 10:18:58,980 [INFO] IPUIPlugin:80 - create IPUIPlugin
2023-12-01 10:18:58,980 [INFO] PluginManager:220 - loadIPPluginJar : add dma3
2023-12-01 10:18:58,982 [INFO] IPUIPlugin:80 - create IPUIPlugin
2023-12-01 10:18:58,983 [INFO] PluginManager:220 - loadIPPluginJar : add fatfs
2023-12-01 10:18:58,989 [INFO] IPUIPlugin:80 - create IPUIPlugin
2023-12-01 10:18:58,989 [INFO] PluginManager:220 - loadIPPluginJar : add fmc
2023-12-01 10:18:58,996 [INFO] IPUIPlugin:80 - create IPUIPlugin
2023-12-01 10:18:58,996 [INFO] PluginManager:220 - loadIPPluginJar : add freertos
2023-12-01 10:18:58,999 [INFO] IPUIPlugin:80 - create IPUIPlugin
2023-12-01 10:18:58,999 [INFO] PluginManager:220 - loadIPPluginJar : add genericplugin
2023-12-01 10:18:59,002 [INFO] IPUIPlugin:80 - create IPUIPlugin
2023-12-01 10:18:59,002 [INFO] PluginManager:220 - loadIPPluginJar : add gfxmmu
2023-12-01 10:18:59,007 [INFO] IPUIPlugin:80 - create IPUIPlugin
2023-12-01 10:18:59,008 [INFO] PluginManager:220 - loadIPPluginJar : add gic
2023-12-01 10:18:59,013 [INFO] IPUIPlugin:80 - create IPUIPlugin
2023-12-01 10:18:59,014 [INFO] PluginManager:220 - loadIPPluginJar : add gpio
2023-12-01 10:18:59,017 [INFO] IPUIPlugin:80 - create IPUIPlugin
2023-12-01 10:18:59,019 [INFO] PluginManager:220 - loadIPPluginJar : add gtzc
2023-12-01 10:18:59,022 [INFO] IPUIPlugin:80 - create IPUIPlugin
2023-12-01 10:18:59,022 [INFO] PluginManager:220 - loadIPPluginJar : add hash
2023-12-01 10:18:59,026 [INFO] IPUIPlugin:80 - create IPUIPlugin
2023-12-01 10:18:59,026 [INFO] PluginManager:220 - loadIPPluginJar : add i2c
2023-12-01 10:18:59,032 [INFO] IPUIPlugin:80 - create IPUIPlugin
2023-12-01 10:18:59,032 [INFO] PluginManager:220 - loadIPPluginJar : add i2s
2023-12-01 10:18:59,036 [INFO] IPUIPlugin:80 - create IPUIPlugin
2023-12-01 10:18:59,037 [INFO] PluginManager:220 - loadIPPluginJar : add i3c
2023-12-01 10:18:59,043 [INFO] IPUIPlugin:80 - create IPUIPlugin
2023-12-01 10:18:59,043 [INFO] PluginManager:220 - loadIPPluginJar : add ipddr
2023-12-01 10:18:59,052 [INFO] IPUIPlugin:80 - create IPUIPlugin
2023-12-01 10:18:59,053 [INFO] PluginManager:220 - loadIPPluginJar : add linkedlist
2023-12-01 10:18:59,056 [INFO] IPUIPlugin:80 - create IPUIPlugin
2023-12-01 10:18:59,056 [INFO] PluginManager:220 - loadIPPluginJar : add lorawan
2023-12-01 10:18:59,059 [INFO] IPUIPlugin:80 - create IPUIPlugin
2023-12-01 10:18:59,059 [INFO] PluginManager:220 - loadIPPluginJar : add ltdc
2023-12-01 10:18:59,069 [INFO] IPUIPlugin:80 - create IPUIPlugin
2023-12-01 10:18:59,069 [INFO] PluginManager:220 - loadIPPluginJar : add mdma
2023-12-01 10:18:59,074 [INFO] IPUIPlugin:80 - create IPUIPlugin
2023-12-01 10:18:59,074 [INFO] PluginManager:220 - loadIPPluginJar : add nvic
2023-12-01 10:18:59,080 [INFO] IPUIPlugin:80 - create IPUIPlugin
2023-12-01 10:18:59,080 [INFO] PluginManager:220 - loadIPPluginJar : add opamp
2023-12-01 10:18:59,085 [INFO] IPUIPlugin:80 - create IPUIPlugin
2023-12-01 10:18:59,085 [INFO] PluginManager:220 - loadIPPluginJar : add openamp
2023-12-01 10:18:59,091 [INFO] IPUIPlugin:80 - create IPUIPlugin
2023-12-01 10:18:59,092 [INFO] PluginManager:220 - loadIPPluginJar : add pdm2pcm
2023-12-01 10:18:59,108 [INFO] IPUIPlugin:80 - create IPUIPlugin
2023-12-01 10:18:59,115 [INFO] PluginManager:220 - loadIPPluginJar : add plateformsettings
2023-12-01 10:18:59,119 [INFO] IPUIPlugin:80 - create IPUIPlugin
2023-12-01 10:18:59,119 [INFO] PluginManager:220 - loadIPPluginJar : add quadspi
2023-12-01 10:18:59,128 [INFO] IPUIPlugin:80 - create IPUIPlugin
2023-12-01 10:18:59,129 [INFO] PluginManager:220 - loadIPPluginJar : add resmgrutility
2023-12-01 10:18:59,137 [INFO] IPUIPlugin:80 - create IPUIPlugin
2023-12-01 10:18:59,137 [INFO] PluginManager:220 - loadIPPluginJar : add sai
2023-12-01 10:18:59,143 [INFO] IPUIPlugin:80 - create IPUIPlugin
2023-12-01 10:18:59,143 [INFO] PluginManager:220 - loadIPPluginJar : add spi
2023-12-01 10:18:59,153 [INFO] IPUIPlugin:80 - create IPUIPlugin
2023-12-01 10:18:59,154 [INFO] PluginManager:220 - loadIPPluginJar : add stm32_wpan
2023-12-01 10:18:59,157 [INFO] IPUIPlugin:80 - create IPUIPlugin
2023-12-01 10:18:59,157 [INFO] PluginManager:220 - loadIPPluginJar : add tim
2023-12-01 10:18:59,165 [INFO] IPUIPlugin:80 - create IPUIPlugin
2023-12-01 10:18:59,165 [INFO] PluginManager:220 - loadIPPluginJar : add touchsensing
2023-12-01 10:18:59,169 [INFO] IPUIPlugin:80 - create IPUIPlugin
2023-12-01 10:18:59,169 [INFO] PluginManager:220 - loadIPPluginJar : add tracer_emb
2023-12-01 10:18:59,174 [INFO] IPUIPlugin:80 - create IPUIPlugin
2023-12-01 10:18:59,174 [INFO] PluginManager:220 - loadIPPluginJar : add ts
2023-12-01 10:18:59,178 [INFO] IPUIPlugin:80 - create IPUIPlugin
2023-12-01 10:18:59,178 [INFO] PluginManager:220 - loadIPPluginJar : add tsc
2023-12-01 10:18:59,182 [INFO] IPUIPlugin:80 - create IPUIPlugin
2023-12-01 10:18:59,183 [INFO] PluginManager:220 - loadIPPluginJar : add ucpd
2023-12-01 10:18:59,188 [INFO] IPUIPlugin:80 - create IPUIPlugin
2023-12-01 10:18:59,189 [INFO] PluginManager:220 - loadIPPluginJar : add usart
2023-12-01 10:18:59,197 [INFO] IPUIPlugin:80 - create IPUIPlugin
2023-12-01 10:18:59,197 [INFO] PluginManager:220 - loadIPPluginJar : add usbx
2023-12-01 10:18:59,376 [INFO] CADModel:165 - CPN selected for project level
2023-12-01 10:18:59,376 [INFO] CADModel:114 - Register for checkConnection events
2023-12-01 10:18:59,377 [FATAL] Updater:308 - Updater called before beeing initialized
2023-12-01 10:18:59,378 [ERROR] CADModel:125 - Updater not yet initialized, retry later 
2023-12-01 10:18:59,684 [INFO] CADModel:165 - CPN selected for project level
2023-12-01 10:18:59,684 [INFO] CADModel:114 - Register for checkConnection events
2023-12-01 10:18:59,684 [FATAL] Updater:308 - Updater called before beeing initialized
2023-12-01 10:18:59,684 [ERROR] CADModel:125 - Updater not yet initialized, retry later 
2023-12-01 10:18:59,692 [FATAL] Updater:308 - Updater called before beeing initialized
2023-12-01 10:18:59,917 [FATAL] Updater:308 - Updater called before beeing initialized
2023-12-01 10:18:59,930 [INFO] DbMcusAds:53 - JSON generation date=Tue Mar 07 15:50:55 ICT 2023 (1678179055114)
2023-12-01 10:18:59,931 [FATAL] Updater:308 - Updater called before beeing initialized
2023-12-01 10:19:00,041 [WARN] DetailPanel:346 - Failed to get advertising image, set to default
2023-12-01 10:19:00,321 [FATAL] Updater:308 - Updater called before beeing initialized
2023-12-01 10:19:00,325 [FATAL] Updater:308 - Updater called before beeing initialized
2023-12-01 10:19:00,325 [FATAL] Updater:308 - Updater called before beeing initialized
2023-12-01 10:19:00,325 [WARN] DetailPanel:346 - Failed to get advertising image, set to default
2023-12-01 10:19:00,327 [FATAL] Updater:308 - Updater called before beeing initialized
2023-12-01 10:19:00,449 [ERROR] Updater:1120 - MainUpdater not yet initialized. External WinMGr cannot be set.
2023-12-01 10:19:00,456 [INFO] Updater:1056 - Updater Version found : 6.10.0
2023-12-01 10:19:00,518 [INFO] ApplicationProperties:184 - Using Application install path: D:\Installation\Apps\CubeIDE\STM32CubeIDE_1.7.0\STM32CubeIDE\plugins\com.st.stm32cube.common.mx_6.10.0.202311202037
2023-12-01 10:19:00,889 [INFO] ThirdPartyUpdaterWithRetryManager:70 - Updater plugin not ready yet. [2/15]
2023-12-01 10:19:02,253 [INFO] MainUpdater:2873 - connection check result : 10
2023-12-01 10:19:02,254 [INFO] MainUpdater:290 - Updater Check For Update Now.
2023-12-01 10:19:02,254 [INFO] MicroXplorer:498 - Change Database Version : DB.6.0.100
2023-12-01 10:19:02,262 [INFO] McuFinderGlobals:63 - Set McuFinder mode to 2 (CubeIDE integrated)
2023-12-01 10:19:02,263 [INFO] UserAuth:180 - activating auth plugin
2023-12-01 10:19:02,269 [INFO] UserAuth:404 - Internet connection configuration mode: 1
2023-12-01 10:19:02,312 [INFO] JxBrowserEngine:152 - Initiate JxBrowser Engine with user profile folder
2023-12-01 10:19:02,506 [INFO] CheckServerUpdateThread:120 - End of CheckServer Thread
2023-12-01 10:19:04,021 [INFO] WebApp:161 - Instantiating new browser for Auth
2023-12-01 10:19:04,445 [WARN] PackLoader:240 - Cannot read IP mode file for STMicroelectronics.X-CUBE-SMBUS.2.1.0
2023-12-01 10:19:04,555 [WARN] PackLoader:240 - Cannot read IP mode file for STMicroelectronics.X-CUBE-AZRTOS-F7.1.1.0
2023-12-01 10:19:04,586 [WARN] PackLoader:240 - Cannot read IP mode file for STMicroelectronics.FP-SNS-MOTENV1.4.3.2
2023-12-01 10:19:04,606 [WARN] PackLoader:240 - Cannot read IP mode file for STMicroelectronics.FP-SNS-FLIGHT1.5.0.2
2023-12-01 10:19:04,635 [WARN] PackLoader:240 - Cannot read IP mode file for STMicroelectronics.X-CUBE-DISPLAY.3.0.0
2023-12-01 10:19:04,679 [WARN] PackLoader:240 - Cannot read IP mode file for STMicroelectronics.X-CUBE-BLE1.7.0.0
2023-12-01 10:19:04,698 [WARN] PackLoader:240 - Cannot read IP mode file for emotas.I-CUBE-CANOPEN.1.3.0
2023-12-01 10:19:04,713 [WARN] PackLoader:240 - Cannot read IP mode file for STMicroelectronics.X-CUBE-TOUCHGFX.4.22.0
2023-12-01 10:19:04,722 [WARN] PackLoader:240 - Cannot read IP mode file for STMicroelectronics.X-CUBE-TOUCHGFX.4.22.1
2023-12-01 10:19:04,737 [WARN] PackLoader:240 - Cannot read IP mode file for STMicroelectronics.FP-SNS-SMARTAG2.1.2.0
2023-12-01 10:19:04,769 [INFO] LogOutputStream:77 - [STDOUT_REDIRECT] 1 : Invalid condition id : UX_CORESTACK_Condition cause : null
2023-12-01 10:19:04,771 [INFO] LogOutputStream:77 - [STDOUT_REDIRECT] 1 : Invalid condition id : UX_CORESTACK_Condition cause : null
2023-12-01 10:19:04,773 [INFO] LogOutputStream:77 - [STDOUT_REDIRECT] 1 : Invalid condition id : UX_CORESTACK_Condition cause : null
2023-12-01 10:19:04,777 [INFO] LogOutputStream:77 - [STDOUT_REDIRECT] 1 : Invalid condition id : UX_CORESTACK_Condition cause : null
2023-12-01 10:19:04,779 [INFO] LogOutputStream:77 - [STDOUT_REDIRECT] 1 : Invalid condition id : UX_CORESTACK_Condition cause : null
2023-12-01 10:19:04,790 [WARN] PackLoader:240 - Cannot read IP mode file for STMicroelectronics.X-CUBE-AZRTOS-WL.2.0.0
2023-12-01 10:19:04,814 [WARN] PackLoader:240 - Cannot read IP mode file for WES.I-CUBE-Cesium.1.3.0
2023-12-01 10:19:04,829 [WARN] PackLoader:240 - Cannot read IP mode file for STMicroelectronics.X-CUBE-BLE2.3.3.0
2023-12-01 10:19:04,852 [WARN] PackLoader:240 - Cannot read IP mode file for STMicroelectronics.X-CUBE-ALGOBUILD.1.3.0
2023-12-01 10:19:04,911 [WARN] PackLoader:240 - Cannot read IP mode file for STMicroelectronics.X-CUBE-AZRTOS-G0.1.1.0
2023-12-01 10:19:04,943 [WARN] PackLoader:240 - Cannot read IP mode file for STMicroelectronics.X-CUBE-NFC4.3.0.0
2023-12-01 10:19:04,976 [WARN] PackLoader:240 - Cannot read IP mode file for STMicroelectronics.X-CUBE-BLEMGR.3.0.0
2023-12-01 10:19:04,993 [WARN] PackLoader:240 - Cannot read IP mode file for STMicroelectronics.FP-ATR-SIGFOX1.3.2.0
2023-12-01 10:19:05,083 [WARN] PackLoader:240 - Cannot read IP mode file for SEGGER.I-CUBE-embOS.1.3.1
2023-12-01 10:19:05,189 [WARN] PackLoader:240 - Cannot read IP mode file for STMicroelectronics.X-CUBE-GNSS1.6.0.0
2023-12-01 10:19:05,256 [WARN] PackLoader:240 - Cannot read IP mode file for STMicroelectronics.X-CUBE-AZRTOS-F4.1.1.0
2023-12-01 10:19:05,291 [WARN] PackLoader:240 - Cannot read IP mode file for wolfSSL.I-CUBE-wolfSSL.5.6.3
2023-12-01 10:19:05,353 [WARN] PackLoader:240 - Cannot read IP mode file for STMicroelectronics.X-CUBE-AZRTOS-L5.2.0.0
2023-12-01 10:19:05,465 [WARN] PackLoader:240 - Cannot read IP mode file for STMicroelectronics.X-CUBE-MEMS1.9.6.0
2023-12-01 10:19:05,828 [WARN] PackLoader:240 - Cannot read IP mode file for STMicroelectronics.X-CUBE-EEPRMA1.4.2.0
2023-12-01 10:19:05,850 [WARN] PackLoader:240 - Cannot read IP mode file for ITTIA_DB.I-CUBE-ITTIADB.8.8.0
2023-12-01 10:19:05,863 [WARN] PackLoader:240 - Cannot read IP mode file for STMicroelectronics.X-CUBE-BLEMGR.2.0.0
2023-12-01 10:19:05,895 [WARN] ConditionMgr:438 - getConditionDescription Invalid condition id : UX DEVICE CLASS RTOS Condition cause : null
2023-12-01 10:19:05,896 [WARN] ConditionMgr:438 - getConditionDescription Invalid condition id : UX DEVICE CLASS RTOS Condition cause : null
2023-12-01 10:19:05,901 [WARN] PackLoader:240 - Cannot read IP mode file for STMicroelectronics.X-CUBE-AZRTOS-H7.3.1.0
2023-12-01 10:19:05,903 [WARN] ConditionMgr:1039 - genDependencies : Invalid condition id : UX DEVICE CLASS RTOS Condition cause : null
2023-12-01 10:19:05,904 [WARN] ConditionMgr:1039 - genDependencies : Invalid condition id : UX DEVICE CLASS RTOS Condition cause : null
2023-12-01 10:19:05,905 [WARN] ConditionMgr:1039 - genDependencies : Invalid condition id : UX DEVICE CLASS RTOS Condition cause : null
2023-12-01 10:19:05,905 [WARN] ConditionMgr:1039 - genDependencies : Invalid condition id : UX DEVICE CLASS RTOS Condition cause : null
2023-12-01 10:19:05,906 [WARN] ConditionMgr:1039 - genDependencies : Invalid condition id : UX DEVICE CLASS RTOS Condition cause : null
2023-12-01 10:19:05,918 [WARN] PackLoader:240 - Cannot read IP mode file for STMicroelectronics.X-CUBE-NFC7.1.0.1
2023-12-01 10:19:05,921 [INFO] WebApp:780 - Register for checkConnection events
2023-12-01 10:19:05,922 [INFO] WebApp:414 - Apply proxy settings
2023-12-01 10:19:05,922 [INFO] WebApp:499 - Chromium requires no authentication
2023-12-01 10:19:05,933 [WARN] PackLoader:240 - Cannot read IP mode file for STMicroelectronics.X-CUBE-NFC6.3.0.0
2023-12-01 10:19:05,944 [INFO] WebApp:442 - Direct internet connection detected
2023-12-01 10:19:05,945 [WARN] PackLoader:240 - Cannot read IP mode file for STMicroelectronics.X-CUBE-EEPRMA1.4.1.0
2023-12-01 10:19:05,956 [WARN] PackLoader:240 - Cannot read IP mode file for STMicroelectronics.X-CUBE-AI.8.1.0
2023-12-01 10:19:05,991 [WARN] ConditionMgr:438 - getConditionDescription Invalid condition id : LAN8742 Phy interface Condition cause : null
2023-12-01 10:19:05,992 [WARN] PackLoader:240 - Cannot read IP mode file for STMicroelectronics.X-CUBE-AZRTOS-L4.2.0.0
2023-12-01 10:19:05,996 [WARN] ConditionMgr:1039 - genDependencies : Invalid condition id : LAN8742 Phy interface Condition cause : null
2023-12-01 10:19:05,998 [WARN] ConditionMgr:1039 - genDependencies : Invalid condition id : LAN8742 Phy interface Condition cause : null
2023-12-01 10:19:06,000 [WARN] ConditionMgr:1039 - genDependencies : Invalid condition id : LAN8742 Phy interface Condition cause : null
2023-12-01 10:19:06,018 [WARN] PackLoader:240 - Cannot read IP mode file for STMicroelectronics.X-CUBE-SFXS2LP1.4.0.0
2023-12-01 10:19:06,029 [WARN] PackLoader:240 - Cannot read IP mode file for STMicroelectronics.X-CUBE-ISPU.1.1.0
2023-12-01 10:19:06,057 [WARN] ConditionMgr:438 - getConditionDescription Invalid condition id : UX DEVICE CLASS RTOS Condition cause : null
2023-12-01 10:19:06,058 [WARN] ConditionMgr:438 - getConditionDescription Invalid condition id : UX DEVICE CLASS RTOS Condition cause : null
2023-12-01 10:19:06,066 [WARN] PackLoader:240 - Cannot read IP mode file for STMicroelectronics.X-CUBE-AZRTOS-WB.2.0.0
2023-12-01 10:19:06,067 [WARN] ConditionMgr:1039 - genDependencies : Invalid condition id : UX DEVICE CLASS RTOS Condition cause : null
2023-12-01 10:19:06,068 [WARN] ConditionMgr:1039 - genDependencies : Invalid condition id : UX DEVICE CLASS RTOS Condition cause : null
2023-12-01 10:19:06,070 [WARN] ConditionMgr:1039 - genDependencies : Invalid condition id : UX DEVICE CLASS RTOS Condition cause : null
2023-12-01 10:19:06,071 [WARN] ConditionMgr:1039 - genDependencies : Invalid condition id : UX DEVICE CLASS RTOS Condition cause : null
2023-12-01 10:19:06,072 [WARN] ConditionMgr:1039 - genDependencies : Invalid condition id : UX DEVICE CLASS RTOS Condition cause : null
2023-12-01 10:19:06,098 [WARN] PackLoader:240 - Cannot read IP mode file for STMicroelectronics.X-CUBE-SUBG2.5.0.0
2023-12-01 10:19:06,128 [WARN] PackLoader:240 - Cannot read IP mode file for STMicroelectronics.X-CUBE-TOF1.3.3.1
2023-12-01 10:19:06,176 [WARN] PackLoader:240 - Cannot read IP mode file for STMicroelectronics.X-CUBE-AZRTOS-G4.2.0.0
2023-12-01 10:19:06,204 [WARN] PackLoader:240 - Cannot read IP mode file for Infineon.AIROC-Wi-Fi-Bluetooth-STM32.1.5.1
2023-12-01 10:19:06,220 [WARN] PackLoader:240 - Cannot read IP mode file for STMicroelectronics.FP-SNS-MOTENVWB1.1.3.0
2023-12-01 10:19:06,301 [WARN] PackLoader:240 - Cannot read IP mode file for STMicroelectronics.X-CUBE-MEMS1.10.0.0
2023-12-01 10:19:06,562 [WARN] PackLoader:240 - Cannot read IP mode file for STMicroelectronics.X-CUBE-FREERTOS.1.1.0
2023-12-01 10:19:06,578 [WARN] PackLoader:240 - Cannot read IP mode file for portGmbH.I-Cube-SoM-uGOAL.1.1.0
2023-12-01 10:19:06,591 [WARN] PackLoader:240 - Cannot read IP mode file for STMicroelectronics.X-CUBE-ALS.1.0.1
2023-12-01 10:19:06,604 [WARN] PackLoader:240 - Cannot read IP mode file for STMicroelectronics.FP-ATR-ASTRA1.2.0.0
2023-12-01 10:19:06,625 [WARN] PackLoader:240 - Cannot read IP mode file for STMicroelectronics.X-CUBE-TOF1.3.4.0
2023-12-01 10:19:06,642 [INFO] ThirdParty:978 - Integrity check success = true
2023-12-01 10:19:06,643 [INFO] IntegrityCheckThread:100 - exiting critical section [integrity check]
2023-12-01 10:19:06,643 [INFO] IntegrityCheckThread:103 - End integrity checks thread
2023-12-01 10:19:06,644 [INFO] WebApp:192 - Starting web application
2023-12-01 10:19:06,644 [INFO] WebApp:544 - Web application path used D:\Installation\Apps\CubeIDE\STM32CubeIDE_1.7.0\STM32CubeIDE\plugins\com.st.stm32cube.common.mx_6.10.0.202311202037\db\plugins\mcufinder\reactClient1\index.html
2023-12-01 10:19:28,335 [ERROR] LogOutputStream:75 - [STDERR_REDIRECT] SLF4J: Failed to load class "org.slf4j.impl.StaticLoggerBinder".
2023-12-01 10:19:28,336 [ERROR] LogOutputStream:75 - [STDERR_REDIRECT] SLF4J: Defaulting to no-operation (NOP) logger implementation
2023-12-01 10:19:28,340 [ERROR] LogOutputStream:75 - [STDERR_REDIRECT] SLF4J: See http://www.slf4j.org/codes.html#StaticLoggerBinder for further details.
